Using pre-set license
Built from '2021.1/release' branch; Version is '2021.1.1f1 (6fdc41dfa55a) revision 7330881'; Using compiler version '192528614'; Build Type 'Release'
OS: 'Windows 10 Home; OS build 19042.985; Version 2009; 64bit' Language: 'fr' Physical Memory: 15789 MB
BatchMode: 1, IsHumanControllingUs: 0, StartBugReporterOnCrash: 0, Is64bit: 1, IsPro: 0

 COMMAND LINE ARGUMENTS:
C:\Program Files\Unity\Hub\Editor\2021.1.1f1\Editor\Unity.exe
-adb2
-batchMode
-noUpm
-name
AssetImportWorker0
-projectPath
D:/Fursona/P'tit Mouton/Ecole/E-artsup/Cours 2ème année/FINAL PROJECT/fork/v1.0/Projet DiscorveryGame
-logFile
Logs/AssetImportWorker0.log
-srvPort
57878
Successfully changed project path to: D:/Fursona/P'tit Mouton/Ecole/E-artsup/Cours 2ème année/FINAL PROJECT/fork/v1.0/Projet DiscorveryGame
D:/Fursona/P'tit Mouton/Ecole/E-artsup/Cours 2ème année/FINAL PROJECT/fork/v1.0/Projet DiscorveryGame
Using Asset Import Pipeline V2.
Refreshing native plugins compatible for Editor in 72.54 ms, found 1 plugins.
Preloading 0 native plugins for Editor in 0.00 ms.
Initialize engine version: 2021.1.1f1 (6fdc41dfa55a)
[Subsystems] Discovering subsystems at path C:/Program Files/Unity/Hub/Editor/2021.1.1f1/Editor/Data/Resources/UnitySubsystems
[Subsystems] Discovering subsystems at path D:/Fursona/P'tit Mouton/Ecole/E-artsup/Cours 2ème année/FINAL PROJECT/fork/v1.0/Projet DiscorveryGame/Assets
GfxDevice: creating device client; threaded=0; jobified=0
Direct3D:
    Version:  Direct3D 11.0 [level 11.1]
    Renderer: NVIDIA GeForce GTX 1660 Ti (ID=0x2191)
    Vendor:   NVIDIA
    VRAM:     5991 MB
    Driver:   27.21.14.6627
Initialize mono
Mono path[0] = 'C:/Program Files/Unity/Hub/Editor/2021.1.1f1/Editor/Data/Managed'
Mono path[1] = 'C:/Program Files/Unity/Hub/Editor/2021.1.1f1/Editor/Data/MonoBleedingEdge/lib/mono/unityjit'
Mono config path = 'C:/Program Files/Unity/Hub/Editor/2021.1.1f1/Editor/Data/MonoBleedingEdge/etc'
Using monoOptions --debugger-agent=transport=dt_socket,embedding=1,server=y,suspend=n,address=127.0.0.1:56796
Begin MonoManager ReloadAssembly
Registering precompiled unity dll's ...
Register platform support module: C:/Program Files/Unity/Hub/Editor/2021.1.1f1/Editor/Data/PlaybackEngines/WindowsStandaloneSupport/UnityEditor.WindowsStandalone.Extensions.dll
Registered in 0.002079 seconds.
Native extension for WindowsStandalone target not found
Refreshing native plugins compatible for Editor in 82.31 ms, found 1 plugins.
Preloading 0 native plugins for Editor in 0.00 ms.
Mono: successfully reloaded assembly
- Completed reload, in  1.198 seconds
Platform modules already initialized, skipping
Registering precompiled user dll's ...
Registered in 0.003700 seconds.
Begin MonoManager ReloadAssembly
Native extension for WindowsStandalone target not found
Refreshing native plugins compatible for Editor in 0.53 ms, found 1 plugins.
Preloading 0 native plugins for Editor in 0.00 ms.
Mono: successfully reloaded assembly
- Completed reload, in  0.946 seconds
Platform modules already initialized, skipping
========================================================================
Worker process is ready to serve import requests
Launched and connected shader compiler UnityShaderCompiler.exe after 0.05 seconds
Refreshing native plugins compatible for Editor in 0.63 ms, found 1 plugins.
Preloading 0 native plugins for Editor in 0.00 ms.
Unloading 2774 Unused Serialized files (Serialized files now loaded: 0)
System memory in use before: 102.4 MB.
System memory in use after: 102.6 MB.

Unloading 18 unused Assets to reduce memory usage. Loaded Objects now: 3231.
Total: 2.234600 ms (FindLiveObjects: 0.249700 ms CreateObjectMapping: 0.076800 ms MarkObjects: 1.847200 ms  DeleteObjects: 0.059900 ms)

========================================================================
Received Import Request.
  path: Assets/Pierre_T/tilessol.png
  artifactKey: Guid(f52afb95d6b804c42a1f82e5f9dff534) Importer(815301076,1909f56bfc062723c751e8b465ee728b)
Start importing Assets/Pierre_T/tilessol.png using Guid(f52afb95d6b804c42a1f82e5f9dff534) Importer(815301076,1909f56bfc062723c751e8b465ee728b)  -> (artifact id: '576a0f83290b59733b61ec411a0f5f8b') in 0.132580 seconds 
========================================================================
Received Import Request.
  Time since last request: 0.000296 seconds.
  path: Assets/Pierre_T/scripts
  artifactKey: Guid(66f990ee7a60cf844a2c6e290b8a021f) Importer(815301076,1909f56bfc062723c751e8b465ee728b)
Start importing Assets/Pierre_T/scripts using Guid(66f990ee7a60cf844a2c6e290b8a021f) Importer(815301076,1909f56bfc062723c751e8b465ee728b)  -> (artifact id: '8d40e42a88219850160f5c622da93588') in 0.006816 seconds 
========================================================================
Received Import Request.
  Time since last request: 0.000306 seconds.
  path: Assets/Pierre_T
  artifactKey: Guid(7021bd2b58a255442ba8b3ba1429a295) Importer(815301076,1909f56bfc062723c751e8b465ee728b)
Start importing Assets/Pierre_T using Guid(7021bd2b58a255442ba8b3ba1429a295) Importer(815301076,1909f56bfc062723c751e8b465ee728b)  -> (artifact id: '8367b3072262109323d88328242f4bed') in 0.005901 seconds 
========================================================================
Received Import Request.
  Time since last request: 0.676719 seconds.
  path: Assets/Pierre_T/scripts/World
  artifactKey: Guid(3718ccd88f5a54942baf3795073b9ae8) Importer(815301076,1909f56bfc062723c751e8b465ee728b)
Start importing Assets/Pierre_T/scripts/World using Guid(3718ccd88f5a54942baf3795073b9ae8) Importer(815301076,1909f56bfc062723c751e8b465ee728b)  -> (artifact id: 'd28cb34fc23fcecf7bf8094ece889ed4') in 0.005958 seconds 
========================================================================
Received Import Request.
  Time since last request: 3.777782 seconds.
  path: Assets/Scenes
  artifactKey: Guid(304e23d938b40534bb9e2b928d15f4a2) Importer(815301076,1909f56bfc062723c751e8b465ee728b)
Start importing Assets/Scenes using Guid(304e23d938b40534bb9e2b928d15f4a2) Importer(815301076,1909f56bfc062723c751e8b465ee728b)  -> (artifact id: 'a0c5942f2929340753fdb7b4f4ec2995') in 0.442170 seconds 
========================================================================
Received Import Request.
  Time since last request: 0.530847 seconds.
  path: Assets/Scenes/World_1.unity
  artifactKey: Guid(9fc0d4010bbf28b4594072e72b8655ab) Importer(815301076,1909f56bfc062723c751e8b465ee728b)
Start importing Assets/Scenes/World_1.unity using Guid(9fc0d4010bbf28b4594072e72b8655ab) Importer(815301076,1909f56bfc062723c751e8b465ee728b)  -> (artifact id: 'b0dae6cae115103b51ac781e955056b1') in 0.007012 seconds 
========================================================================
Received Import Request.
  Time since last request: 1.749830 seconds.
  path: Assets/Scenes/Ankama.unity
  artifactKey: Guid(fa65ad60e403aa84cbdfc7b49ad2c79b) Importer(815301076,1909f56bfc062723c751e8b465ee728b)
Start importing Assets/Scenes/Ankama.unity using Guid(fa65ad60e403aa84cbdfc7b49ad2c79b) Importer(815301076,1909f56bfc062723c751e8b465ee728b)  -> (artifact id: '08446fa5b6dbe8c73906f7bbe3dae137') in 0.005990 seconds 
AssetImportWorkerClient::OnTransportError - code=2 error=End of file
